<?xml version="1.0" encoding="utf-8"?><testsuite errors="0" failures="1" name="" skips="0" tests="1" time="9.982"><testcase classname="scripts.FileUpload.CheckFileUpload" name="test_local_upload" time="0.397299051285"><failure message="test failure">Traceback (most recent call last):
  File &quot;/Users/adam/work/saunter/py.saunter-examples/picpaste/conftest.py&quot;, line 31, in pytest_runtest_call
    raise(e)
NoSuchElementException: Message: &apos;Could not locate element with visible text: 30 minutes&apos;</failure></testcase></testsuite>